<?xml version="1.0" encoding="UTF-8"?>
<!-- Generated by org.testng.reporters.JUnitXMLReporter -->
<testsuite hostname="M4L-FAC-REKHAB" name="Test" tests="7" failures="2" timestamp="9 Oct 2019 05:51:38 GMT" time="22.275" errors="0">
  <testcase name="checklogo" time="0.098" classname="listenerssuitelevel.AssertVerifygoogleTest"/>
  <testcase name="checkurl" time="0.015" classname="listenerssuitelevel.AssertVerifygoogleTest">
    <failure type="java.lang.AssertionError" message="expected [google] but found [Google]">
      <![CDATA[java.lang.AssertionError: expected [google] but found [Google]
	at listenerssuitelevel.AssertVerifygoogleTest.checkurl(AssertVerifygoogleTest.java:29)
... Removed 31 stack frames]]>
    </failure>
  </testcase> <!-- checkurl -->
  <testcase name="startapp" time="6.853" classname="listenerssuitelevel.AlwaysRundemo"/>
  <testcase name="checktitle" time="0.012" classname="listenerssuitelevel.AlwaysRundemo">
    <failure type="java.lang.AssertionError" message="expected [Demo Web Shop] but found [Demo Web Shop. Login]">
      <![CDATA[java.lang.AssertionError: expected [Demo Web Shop] but found [Demo Web Shop. Login]
	at listenerssuitelevel.AlwaysRundemo.checktitle(AlwaysRundemo.java:25)
... Removed 31 stack frames]]>
    </failure>
  </testcase> <!-- checktitle -->
  <testcase name="loginapp" time="0.0" classname="listenerssuitelevel.AlwaysRundemo">
    <skipped/>
  </testcase> <!-- loginapp -->
  <testcase name="signoff" time="0.0" classname="listenerssuitelevel.AlwaysRundemo">
    <skipped/>
  </testcase> <!-- signoff -->
  <testcase name="closebrowser" time="0.206" classname="listenerssuitelevel.AlwaysRundemo"/>
</testsuite> <!-- Test -->
